<?xml version="1.0" encoding="UTF-8"?>
<!-- Generated by org.testng.reporters.JUnitReportReporter -->
<testsuite hostname="MUSTHAQ-PC" failures="0" tests="1" name="testCases.LoginWithoutFindBy" time="15.360" errors="0" timestamp="2022-06-21T12:34:56 IST" skipped="0">
  <testcase classname="testCases.LoginWithoutFindBy" name="login" time="15.360"/>
  <system-out/>
</testsuite> <!-- testCases.LoginWithoutFindBy -->
