<?xml version="1.0" encoding="UTF-8"?>
<!-- Generated by org.testng.reporters.JUnitReportReporter -->
<testsuite hostname="MUSTHAQ-PC" failures="0" tests="1" name="testCases.UpdateProfileTestCases" time="12.363" errors="0" timestamp="2022-06-21T00:14:27 IST" skipped="0">
  <testcase classname="testCases.UpdateProfileTestCases" name="updatePro" time="12.363"/>
  <system-out/>
</testsuite> <!-- testCases.UpdateProfileTestCases -->
