<?xml version="1.0" encoding="UTF-8"?>
<!-- Generated by org.testng.reporters.JUnitReportReporter -->
<testsuite hostname="MUSTHAQ-PC" failures="0" tests="1" name="testCases.LoginTestCase" time="9.913" errors="0" timestamp="2022-06-20T23:58:51 IST" skipped="0">
  <testcase classname="testCases.LoginTestCase" name="login" time="9.913"/>
  <system-out/>
</testsuite> <!-- testCases.LoginTestCase -->
